<?xml version="1.0" encoding="UTF-8"?>
<!-- Generated by org.testng.reporters.JUnitReportReporter -->
<testsuite hostname="DESKTOP-1GQJNV8" failures="0" tests="1" name="httpReq.getReq" time="2.634" errors="0" timestamp="2023-07-23T22:24:35 IST" skipped="0">
  <testcase classname="httpReq.getReq" name="getRequest1" time="2.634"/>
</testsuite> <!-- httpReq.getReq -->
